<?xml version="1.0" encoding="UTF-8"?>
<!-- Generated by org.testng.reporters.JUnitReportReporter -->
<testsuite hostname="ATMECSINLT-038" failures="0" tests="5" name="com.atmecs.dataProvider.TestDataProvider" time="0.078" errors="0" timestamp="04 Oct 2019 09:22:04 GMT" skipped="0">
  <testcase classname="com.atmecs.dataProvider.TestDataProvider" name="validatefooter" time="0.015"/>
  <testcase classname="com.atmecs.dataProvider.TestDataProvider" name="validatefooter" time="0.016"/>
  <testcase classname="com.atmecs.dataProvider.TestDataProvider" name="validatefooter" time="0.031"/>
  <testcase classname="com.atmecs.dataProvider.TestDataProvider" name="validatefooter" time="0.016"/>
  <testcase classname="com.atmecs.dataProvider.TestDataProvider" name="validatefooter" time="0.000"/>
</testsuite> <!-- com.atmecs.dataProvider.TestDataProvider -->
