<?xml version="1.0" encoding="UTF-8"?>
<!-- Generated by org.testng.reporters.JUnitReportReporter -->
<testsuite hostname="ATMECSINLT-038" failures="0" tests="5" name="com.atmecs.testScripts.HeroImageProducttestscripts" time="14.897" errors="0" timestamp="07 Oct 2019 07:12:47 GMT" skipped="0">
  <testcase classname="com.atmecs.testScripts.HeroImageProducttestscripts" name="homePageRedirection" time="0.022"/>
  <testcase classname="com.atmecs.testScripts.HeroImageProducttestscripts" name="validateContents" time="5.509"/>
  <testcase classname="com.atmecs.testScripts.HeroImageProducttestscripts" name="validateSortingFunctionality" time="0.305"/>
  <testcase classname="com.atmecs.testScripts.HeroImageProducttestscripts" name="validateSortingByDate" time="3.799"/>
  <testcase classname="com.atmecs.testScripts.HeroImageProducttestscripts" name="validateSortingByRating" time="5.262"/>
</testsuite> <!-- com.atmecs.testScripts.HeroImageProducttestscripts -->
